  Menu.cpp
d:\uczelnia\informatyka 2\infdwa\informatykadwa\pracadomowawyklad04\menu.cpp(31): warning C4244: 'argument': conversion from 'unsigned __int64' to 'T', possible loss of data
          with
          [
              T=float
          ]
d:\uczelnia\informatyka 2\infdwa\informatykadwa\pracadomowawyklad04\menu.cpp(31): warning C4244: 'argument': conversion from 'T' to 'T', possible loss of data
          with
          [
              T=unsigned int
          ]
          and
          [
              T=float
          ]
d:\uczelnia\informatyka 2\infdwa\informatykadwa\pracadomowawyklad04\menu.cpp(47): warning C4267: '=': conversion from 'size_t' to 'int', possible loss of data
  NPC.cpp
d:\uczelnia\informatyka 2\infdwa\informatykadwa\pracadomowawyklad04\npc.cpp(10): warning C4244: 'argument': conversion from 'double' to 'T', possible loss of data
          with
          [
              T=float
          ]
  Player.cpp
  Source.cpp
  Generating Code...
  PracaDomowaWyklad04.vcxproj -> D:\uczelnia\Informatyka 2\InfDwa\InformatykaDwa\PracaDomowaWyklad04\x64\Debug\PracaDomowaWyklad04.exe
